{"numTotalTestSuites":32,"numPassedTestSuites":32,"numFailedTestSuites":0,"numPendingTestSuites":0,"numTotalTests":62,"numPassedTests":62,"numFailedTests":0,"numPendingTests":0,"numTodoTests":0,"snapshot":{"added":0,"failure":false,"filesAdded":0,"filesRemoved":0,"filesRemovedList":[],"filesUnmatched":0,"filesUpdated":0,"matched":0,"total":0,"unchecked":0,"uncheckedKeysByFile":[],"unmatched":0,"updated":0,"didUpdate":false},"startTime":1783842970982,"success":true,"testResults":[{"assertionResults":[{"ancestorTitles":["protocol v2 exploratory boundary"],"fullName":"protocol v2 exploratory boundary returns deterministic source navigation without clinical actions","status":"passed","title":"returns deterministic source navigation without clinical actions","duration":6.5637000000001535,"failureMessages":[],"meta":{},"tags":[]},{"ancestorTitles":["protocol v2 exploratory boundary"],"fullName":"protocol v2 exploratory boundary does not partial-match ingredient names","status":"passed","title":"does not partial-match ingredient names","duration":0.27329999999983556,"failureMessages":[],"meta":{},"tags":[]}],"startTime":1783842972615,"endTime":1783842972621.5637,"status":"passed","message":"","name":"C:/Users/hjyeo/Documents/Codex/2026-07-10/g-24-1-gpt-5-6/work/nutrition-safety-engine/__tests__/ai-exploratory-boundary.test.ts"},{"assertionResults":[{"ancestorTitles":["condition aliases"],"fullName":"condition aliases includes common user-facing condition keywords such as obesity","status":"passed","title":"includes common user-facing condition keywords such as obesity","duration":2.1441000000002077,"failureMessages":[],"meta":{},"tags":[]}],"startTime":1783842972289,"endTime":1783842972291.144,"status":"passed","message":"","name":"C:/Users/hjyeo/Documents/Codex/2026-07-10/g-24-1-gpt-5-6/work/nutrition-safety-engine/__tests__/condition-aliases.test.ts"},{"assertionResults":[{"ancestorTitles":["fixture scenarios"],"fullName":"fixture scenarios 32세 여성, 임신 중, 비타민 A 관련 주의","status":"passed","title":"32세 여성, 임신 중, 비타민 A 관련 주의","duration":52.31140000000005,"failureMessages":[],"meta":{},"tags":[]},{"ancestorTitles":["fixture scenarios"],"fullName":"fixture scenarios 29세 여성, 수유 중","status":"passed","title":"29세 여성, 수유 중","duration":25.55269999999996,"failureMessages":[],"meta":{},"tags":[]},{"ancestorTitles":["fixture scenarios"],"fullName":"fixture scenarios 55세 남성, 흡연자, beta-carotene 관련 주의","status":"passed","title":"55세 남성, 흡연자, beta-carotene 관련 주의","duration":26.107099999999946,"failureMessages":[],"meta":{},"tags":[]},{"ancestorTitles":["fixture scenarios"],"fullName":"fixture scenarios 68세 남성, warfarin 복용, vitamin K 관련 상호작용","status":"passed","title":"68세 남성, warfarin 복용, vitamin K 관련 상호작용","duration":22.151000000000067,"failureMessages":[],"meta":{},"tags":[]},{"ancestorTitles":["fixture scenarios"],"fullName":"fixture scenarios 61세 여성, thiazide 복용, vitamin D/calcium 관련 주의","status":"passed","title":"61세 여성, thiazide 복용, vitamin D/calcium 관련 주의","duration":29.521999999999935,"failureMessages":[],"meta":{},"tags":[]},{"ancestorTitles":["fixture scenarios"],"fullName":"fixture scenarios 47세 남성, quinolone 항생제 복용, magnesium/calcium/iron 간격 주의","status":"passed","title":"47세 남성, quinolone 항생제 복용, magnesium/calcium/iron 간격 주의","duration":26.84550000000013,"failureMessages":[],"meta":{},"tags":[]},{"ancestorTitles":["fixture scenarios"],"fullName":"fixture scenarios 정보 부족 케이스: 나이와 성별 미입력","status":"passed","title":"정보 부족 케이스: 나이와 성별 미입력","duration":23.558899999999994,"failureMessages":[],"meta":{},"tags":[]}],"startTime":1783842972735,"endTime":1783842972940.5588,"status":"passed","message":"","name":"C:/Users/hjyeo/Documents/Codex/2026-07-10/g-24-1-gpt-5-6/work/nutrition-safety-engine/__tests__/fixture-scenarios.test.ts"},{"assertionResults":[{"ancestorTitles":["buildKnowledgeIndex"],"fullName":"buildKnowledgeIndex uses knowledge_pack.json as the single source of truth when it exists","status":"passed","title":"uses knowledge_pack.json as the single source of truth when it exists","duration":29.305000000000064,"failureMessages":[],"meta":{},"tags":[]},{"ancestorTitles":["buildKnowledgeIndex"],"fullName":"buildKnowledgeIndex throws when knowledge_pack.json exists but is malformed instead of silently falling back","status":"passed","title":"throws when knowledge_pack.json exists but is malformed instead of silently falling back","duration":13.683299999999917,"failureMessages":[],"meta":{},"tags":[]}],"startTime":1783842972586,"endTime":1783842972629.6833,"status":"passed","message":"","name":"C:/Users/hjyeo/Documents/Codex/2026-07-10/g-24-1-gpt-5-6/work/nutrition-safety-engine/__tests__/knowledge-normalize.test.ts"},{"assertionResults":[{"ancestorTitles":["legacy mode boundary"],"fullName":"legacy mode boundary serves a known baseline rule only from the explicit legacy endpoint","status":"passed","title":"serves a known baseline rule only from the explicit legacy endpoint","duration":37.1857,"failureMessages":[],"meta":{},"tags":[]}],"startTime":1783842972962,"endTime":1783842972999.1858,"status":"passed","message":"","name":"C:/Users/hjyeo/Documents/Codex/2026-07-10/g-24-1-gpt-5-6/work/nutrition-safety-engine/__tests__/legacy-mode-boundary.test.ts"},{"assertionResults":[{"ancestorTitles":["personalized safety API"],"fullName":"personalized safety API returns a Korean evidence-linked fallback for 비타민 K","status":"passed","title":"returns a Korean evidence-linked fallback for 비타민 K","duration":6.25890000000004,"failureMessages":[],"meta":{},"tags":[]},{"ancestorTitles":["personalized safety API"],"fullName":"personalized safety API returns a Korean evidence-linked fallback for 오메가-3","status":"passed","title":"returns a Korean evidence-linked fallback for 오메가-3","duration":0.8986999999999625,"failureMessages":[],"meta":{},"tags":[]},{"ancestorTitles":["personalized safety API"],"fullName":"personalized safety API returns a Korean evidence-linked fallback for 칼슘","status":"passed","title":"returns a Korean evidence-linked fallback for 칼슘","duration":0.9118000000000848,"failureMessages":[],"meta":{},"tags":[]},{"ancestorTitles":["personalized safety API"],"fullName":"personalized safety API returns a Korean evidence-linked fallback for 비타민 D","status":"passed","title":"returns a Korean evidence-linked fallback for 비타민 D","duration":0.812900000000127,"failureMessages":[],"meta":{},"tags":[]},{"ancestorTitles":["personalized safety API"],"fullName":"personalized safety API returns a Korean evidence-linked fallback for 비타민 C","status":"passed","title":"returns a Korean evidence-linked fallback for 비타민 C","duration":0.8940999999999804,"failureMessages":[],"meta":{},"tags":[]},{"ancestorTitles":["personalized safety API"],"fullName":"personalized safety API rejects unsupported ingredients","status":"passed","title":"rejects unsupported ingredients","duration":0.49479999999994106,"failureMessages":[],"meta":{},"tags":[]},{"ancestorTitles":["personalized safety API"],"fullName":"personalized safety API rejects malformed JSON","status":"passed","title":"rejects malformed JSON","duration":0.5705000000000382,"failureMessages":[],"meta":{},"tags":[]},{"ancestorTitles":["personalized safety API"],"fullName":"personalized safety API rejects oversized health text","status":"passed","title":"rejects oversized health text","duration":0.5126000000000204,"failureMessages":[],"meta":{},"tags":[]},{"ancestorTitles":["personalized safety API"],"fullName":"personalized safety API rejects non-string field","status":"passed","title":"rejects non-string field","duration":0.5940000000000509,"failureMessages":[],"meta":{},"tags":[]}],"startTime":1783842972656,"endTime":1783842972668.594,"status":"passed","message":"","name":"C:/Users/hjyeo/Documents/Codex/2026-07-10/g-24-1-gpt-5-6/work/nutrition-safety-engine/__tests__/personalized-safety-api.test.ts"},{"assertionResults":[{"ancestorTitles":["independent gold scoring"],"fullName":"independent gold scoring scores exact action sets","status":"passed","title":"scores exact action sets","duration":1.8396000000000186,"failureMessages":[],"meta":{},"tags":[]},{"ancestorTitles":["independent gold scoring"],"fullName":"independent gold scoring keeps false negatives and false positives in separate denominators","status":"passed","title":"keeps false negatives and false positives in separate denominators","duration":0.3528999999998632,"failureMessages":[],"meta":{},"tags":[]},{"ancestorTitles":["independent gold scoring"],"fullName":"independent gold scoring does not invent a rate for two empty action sets","status":"passed","title":"does not invent a rate for two empty action sets","duration":0.1933000000001357,"failureMessages":[],"meta":{},"tags":[]}],"startTime":1783842972292,"endTime":1783842972295.1934,"status":"passed","message":"","name":"C:/Users/hjyeo/Documents/Codex/2026-07-10/g-24-1-gpt-5-6/work/nutrition-safety-engine/__tests__/phase07-gold-scoring.test.ts"},{"assertionResults":[{"ancestorTitles":["query input parsing"],"fullName":"query input parsing extracts vitamin D IU dose from a free text ingredient entry","status":"passed","title":"extracts vitamin D IU dose from a free text ingredient entry","duration":1.695399999999836,"failureMessages":[],"meta":{},"tags":[]},{"ancestorTitles":["query input parsing"],"fullName":"query input parsing converts gram input to mg/day for fish oil style doses","status":"passed","title":"converts gram input to mg/day for fish oil style doses","duration":0.19980000000009568,"failureMessages":[],"meta":{},"tags":[]},{"ancestorTitles":["query input parsing"],"fullName":"query input parsing parses long term use phrases into days","status":"passed","title":"parses long term use phrases into days","duration":0.35979999999995016,"failureMessages":[],"meta":{},"tags":[]},{"ancestorTitles":["query input parsing"],"fullName":"query input parsing normalizes manual unit and numeric input","status":"passed","title":"normalizes manual unit and numeric input","duration":0.20229999999992287,"failureMessages":[],"meta":{},"tags":[]},{"ancestorTitles":["query input parsing"],"fullName":"query input parsing removes dose and duration terms before ingredient lookup","status":"passed","title":"removes dose and duration terms before ingredient lookup","duration":0.3705999999999676,"failureMessages":[],"meta":{},"tags":[]}],"startTime":1783842972315,"endTime":1783842972317.3706,"status":"passed","message":"","name":"C:/Users/hjyeo/Documents/Codex/2026-07-10/g-24-1-gpt-5-6/work/nutrition-safety-engine/__tests__/query-input.test.ts"},{"assertionResults":[{"ancestorTitles":["thesis research-question scope"],"fullName":"thesis research-question scope keeps the five homepage questions aligned with protocol v1.0","status":"passed","title":"keeps the five homepage questions aligned with protocol v1.0","duration":1.6096999999999753,"failureMessages":[],"meta":{},"tags":[]}],"startTime":1783842972940,"endTime":1783842972941.6096,"status":"passed","message":"","name":"C:/Users/hjyeo/Documents/Codex/2026-07-10/g-24-1-gpt-5-6/work/nutrition-safety-engine/__tests__/research-question-scope.test.ts"},{"assertionResults":[{"ancestorTitles":["runSafetyEngine"],"fullName":"runSafetyEngine matches the major sample interaction and dose rules from the actual normalized data","status":"passed","title":"matches the major sample interaction and dose rules from the actual normalized data","duration":53.591499999999996,"failureMessages":[],"meta":{},"tags":[]},{"ancestorTitles":["runSafetyEngine"],"fullName":"runSafetyEngine returns the systematic search pool beside rule results","status":"passed","title":"returns the systematic search pool beside rule results","duration":28.747299999999996,"failureMessages":[],"meta":{},"tags":[]},{"ancestorTitles":["runSafetyEngine"],"fullName":"runSafetyEngine marks form-specific iodine interaction rules as needs_more_info when the form is missing","status":"passed","title":"marks form-specific iodine interaction rules as needs_more_info when the form is missing","duration":23.047199999999975,"failureMessages":[],"meta":{},"tags":[]},{"ancestorTitles":["runSafetyEngine"],"fullName":"runSafetyEngine returns quality-signal rules as possibly relevant when no personal trigger is required","status":"passed","title":"returns quality-signal rules as possibly relevant when no personal trigger is required","duration":20.78650000000016,"failureMessages":[],"meta":{},"tags":[]},{"ancestorTitles":["runSafetyEngine"],"fullName":"runSafetyEngine matches ingredients and medications even when spacing and casing vary","status":"passed","title":"matches ingredients and medications even when spacing and casing vary","duration":27.856300000000147,"failureMessages":[],"meta":{},"tags":[]},{"ancestorTitles":["runSafetyEngine"],"fullName":"runSafetyEngine matches common Korean medication aliases to the same medication entity","status":"passed","title":"matches common Korean medication aliases to the same medication entity","duration":23.848700000000008,"failureMessages":[],"meta":{},"tags":[]},{"ancestorTitles":["runSafetyEngine"],"fullName":"runSafetyEngine matches common Korean condition aliases to the same condition entity","status":"passed","title":"matches common Korean condition aliases to the same condition entity","duration":21.09999999999991,"failureMessages":[],"meta":{},"tags":[]},{"ancestorTitles":["runSafetyEngine"],"fullName":"runSafetyEngine matches ingredient abbreviations such as vit k to the same ingredient entity","status":"passed","title":"matches ingredient abbreviations such as vit k to the same ingredient entity","duration":23.049600000000055,"failureMessages":[],"meta":{},"tags":[]}],"startTime":1783842972737,"endTime":1783842972959.0496,"status":"passed","message":"","name":"C:/Users/hjyeo/Documents/Codex/2026-07-10/g-24-1-gpt-5-6/work/nutrition-safety-engine/__tests__/safety-engine.test.ts"},{"assertionResults":[{"ancestorTitles":["thesis bundle isolation"],"fullName":"thesis bundle isolation builds only from curated data and excludes every legacy record by default","status":"passed","title":"builds only from curated data and excludes every legacy record by default","duration":2.1143999999999323,"failureMessages":[],"meta":{},"tags":[]}],"startTime":1783842972244,"endTime":1783842972246.1145,"status":"passed","message":"","name":"C:/Users/hjyeo/Documents/Codex/2026-07-10/g-24-1-gpt-5-6/work/nutrition-safety-engine/__tests__/thesis-bundle-isolation.test.ts"},{"assertionResults":[{"ancestorTitles":["safe-empty thesis scenario proxy"],"fullName":"safe-empty thesis scenario proxy keeps 120 synthetic scenarios deterministic and free of legacy results","status":"passed","title":"keeps 120 synthetic scenarios deterministic and free of legacy results","duration":33.85410000000002,"failureMessages":[],"meta":{},"tags":[]}],"startTime":1783842972572,"endTime":1783842972605.854,"status":"passed","message":"","name":"C:/Users/hjyeo/Documents/Codex/2026-07-10/g-24-1-gpt-5-6/work/nutrition-safety-engine/__tests__/thesis-empty-scenario-proxy.test.ts"},{"assertionResults":[{"ancestorTitles":["deterministic validated-rule matcher contract"],"fullName":"deterministic validated-rule matcher contract matches exact normalized terms, orders actions, and resolves claims","status":"passed","title":"matches exact normalized terms, orders actions, and resolves claims","duration":5.833900000000085,"failureMessages":[],"meta":{},"tags":[]},{"ancestorTitles":["deterministic validated-rule matcher contract"],"fullName":"deterministic validated-rule matcher contract is byte-deterministic and rejects partial-string false positives","status":"passed","title":"is byte-deterministic and rejects partial-string false positives","duration":1.0264999999999418,"failureMessages":[],"meta":{},"tags":[]},{"ancestorTitles":["deterministic validated-rule matcher contract"],"fullName":"deterministic validated-rule matcher contract rejects unknown rule-condition fields","status":"passed","title":"rejects unknown rule-condition fields","duration":1.135200000000168,"failureMessages":[],"meta":{},"tags":[]}],"startTime":1783842972572,"endTime":1783842972580.1353,"status":"passed","message":"","name":"C:/Users/hjyeo/Documents/Codex/2026-07-10/g-24-1-gpt-5-6/work/nutrition-safety-engine/__tests__/thesis-matcher-contract.test.ts"},{"assertionResults":[{"ancestorTitles":["thesis mode boundary"],"fullName":"thesis mode boundary returns one deterministic, empty validated-scope response","status":"passed","title":"returns one deterministic, empty validated-scope response","duration":6.334800000000087,"failureMessages":[],"meta":{},"tags":[]},{"ancestorTitles":["thesis mode boundary"],"fullName":"thesis mode boundary keeps the default page free of legacy imports and research counts","status":"passed","title":"keeps the default page free of legacy imports and research counts","duration":1.2127000000000407,"failureMessages":[],"meta":{},"tags":[]},{"ancestorTitles":["thesis mode boundary"],"fullName":"thesis mode boundary has no runtime AI route or client fetch","status":"passed","title":"has no runtime AI route or client fetch","duration":1.3459000000000287,"failureMessages":[],"meta":{},"tags":[]}],"startTime":1783842972594,"endTime":1783842972602.346,"status":"passed","message":"","name":"C:/Users/hjyeo/Documents/Codex/2026-07-10/g-24-1-gpt-5-6/work/nutrition-safety-engine/__tests__/thesis-mode-boundary.test.ts"},{"assertionResults":[{"ancestorTitles":["validated thesis provenance contract"],"fullName":"validated thesis provenance contract accepts a fully linked validated fixture","status":"passed","title":"accepts a fully linked validated fixture","duration":2.143199999999979,"failureMessages":[],"meta":{},"tags":[]},{"ancestorTitles":["validated thesis provenance contract"],"fullName":"validated thesis provenance contract rejects legacy source","status":"passed","title":"rejects legacy source","duration":0.27739999999994325,"failureMessages":[],"meta":{},"tags":[]},{"ancestorTitles":["validated thesis provenance contract"],"fullName":"validated thesis provenance contract rejects wrong quote hash","status":"passed","title":"rejects wrong quote hash","duration":0.21739999999999782,"failureMessages":[],"meta":{},"tags":[]},{"ancestorTitles":["validated thesis provenance contract"],"fullName":"validated thesis provenance contract rejects missing extraction","status":"passed","title":"rejects missing extraction","duration":0.19790000000011787,"failureMessages":[],"meta":{},"tags":[]},{"ancestorTitles":["validated thesis provenance contract"],"fullName":"validated thesis provenance contract rejects missing certainty","status":"passed","title":"rejects missing certainty","duration":0.183699999999817,"failureMessages":[],"meta":{},"tags":[]},{"ancestorTitles":["validated thesis provenance contract"],"fullName":"validated thesis provenance contract rejects extraction locator mismatch","status":"passed","title":"rejects extraction locator mismatch","duration":0.1869000000001506,"failureMessages":[],"meta":{},"tags":[]},{"ancestorTitles":["validated thesis provenance contract"],"fullName":"validated thesis provenance contract rejects question mismatch","status":"passed","title":"rejects question mismatch","duration":0.23859999999990578,"failureMessages":[],"meta":{},"tags":[]},{"ancestorTitles":["validated thesis provenance contract"],"fullName":"validated thesis provenance contract rejects missing expert review","status":"passed","title":"rejects missing expert review","duration":0.21299999999996544,"failureMessages":[],"meta":{},"tags":[]},{"ancestorTitles":["validated thesis provenance contract"],"fullName":"validated thesis provenance contract reproduces source bytes and rejects a stale declared hash","status":"passed","title":"reproduces source bytes and rejects a stale declared hash","duration":9.057500000000118,"failureMessages":[],"meta":{},"tags":[]}],"startTime":1783842972280,"endTime":1783842972293.0576,"status":"passed","message":"","name":"C:/Users/hjyeo/Documents/Codex/2026-07-10/g-24-1-gpt-5-6/work/nutrition-safety-engine/__tests__/thesis-provenance-contract.test.ts"},{"assertionResults":[{"ancestorTitles":["Ye thesis scenario evidence checks"],"fullName":"Ye thesis scenario evidence checks matches warfarin and vitamin K consistency rule","status":"passed","title":"matches warfarin and vitamin K consistency rule","duration":82.47540000000004,"failureMessages":[],"meta":{},"tags":[]},{"ancestorTitles":["Ye thesis scenario evidence checks"],"fullName":"Ye thesis scenario evidence checks matches anticoagulant and high dose omega-3 rules","status":"passed","title":"matches anticoagulant and high dose omega-3 rules","duration":31.31989999999996,"failureMessages":[],"meta":{},"tags":[]},{"ancestorTitles":["Ye thesis scenario evidence checks"],"fullName":"Ye thesis scenario evidence checks matches kidney stone calcium risk rules","status":"passed","title":"matches kidney stone calcium risk rules","duration":27.365699999999833,"failureMessages":[],"meta":{},"tags":[]},{"ancestorTitles":["Ye thesis scenario evidence checks"],"fullName":"Ye thesis scenario evidence checks matches kidney stone and high dose vitamin D rules","status":"passed","title":"matches kidney stone and high dose vitamin D rules","duration":23.37570000000005,"failureMessages":[],"meta":{},"tags":[]},{"ancestorTitles":["Ye thesis scenario evidence checks"],"fullName":"Ye thesis scenario evidence checks matches hyperoxaluria and high dose vitamin C rules","status":"passed","title":"matches hyperoxaluria and high dose vitamin C rules","duration":25.13429999999994,"failureMessages":[],"meta":{},"tags":[]},{"ancestorTitles":["Ye thesis scenario evidence checks"],"fullName":"Ye thesis scenario evidence checks does not match the male-only vitamin C kidney stone rule for female users","status":"passed","title":"does not match the male-only vitamin C kidney stone rule for female users","duration":29.51389999999992,"failureMessages":[],"meta":{},"tags":[]}],"startTime":1783842972735,"endTime":1783842972954.514,"status":"passed","message":"","name":"C:/Users/hjyeo/Documents/Codex/2026-07-10/g-24-1-gpt-5-6/work/nutrition-safety-engine/__tests__/thesis-scenarios.test.ts"}]}