{"numTotalTestSuites":32,"numPassedTestSuites":32,"numFailedTestSuites":0,"numPendingTestSuites":0,"numTotalTests":67,"numPassedTests":67,"numFailedTests":0,"numPendingTests":0,"numTodoTests":0,"snapshot":{"added":0,"failure":false,"filesAdded":0,"filesRemoved":0,"filesRemovedList":[],"filesUnmatched":0,"filesUpdated":0,"matched":0,"total":0,"unchecked":0,"uncheckedKeysByFile":[],"unmatched":0,"updated":0,"didUpdate":false},"startTime":1783846322162,"success":true,"testResults":[{"assertionResults":[{"ancestorTitles":["protocol v2 exploratory boundary"],"fullName":"protocol v2 exploratory boundary returns deterministic source navigation without clinical actions","status":"passed","title":"returns deterministic source navigation without clinical actions","duration":7.8499000000001615,"failureMessages":[],"meta":{},"tags":[]},{"ancestorTitles":["protocol v2 exploratory boundary"],"fullName":"protocol v2 exploratory boundary does not partial-match ingredient names","status":"passed","title":"does not partial-match ingredient names","duration":0.378400000000056,"failureMessages":[],"meta":{},"tags":[]}],"startTime":1783846323966,"endTime":1783846323974.3784,"status":"passed","message":"","name":"C:/Users/hjyeo/Documents/Codex/2026-07-10/g-24-1-gpt-5-6/work/nutrition-safety-engine/__tests__/ai-exploratory-boundary.test.ts"},{"assertionResults":[{"ancestorTitles":["condition aliases"],"fullName":"condition aliases includes common user-facing condition keywords such as obesity","status":"passed","title":"includes common user-facing condition keywords such as obesity","duration":1.9530999999999494,"failureMessages":[],"meta":{},"tags":[]}],"startTime":1783846323619,"endTime":1783846323620.9531,"status":"passed","message":"","name":"C:/Users/hjyeo/Documents/Codex/2026-07-10/g-24-1-gpt-5-6/work/nutrition-safety-engine/__tests__/condition-aliases.test.ts"},{"assertionResults":[{"ancestorTitles":["fixture scenarios"],"fullName":"fixture scenarios 32세 여성, 임신 중, 비타민 A 관련 주의","status":"passed","title":"32세 여성, 임신 중, 비타민 A 관련 주의","duration":36.79069999999979,"failureMessages":[],"meta":{},"tags":[]},{"ancestorTitles":["fixture scenarios"],"fullName":"fixture scenarios 29세 여성, 수유 중","status":"passed","title":"29세 여성, 수유 중","duration":24.708900000000085,"failureMessages":[],"meta":{},"tags":[]},{"ancestorTitles":["fixture scenarios"],"fullName":"fixture scenarios 55세 남성, 흡연자, beta-carotene 관련 주의","status":"passed","title":"55세 남성, 흡연자, beta-carotene 관련 주의","duration":19.820999999999913,"failureMessages":[],"meta":{},"tags":[]},{"ancestorTitles":["fixture scenarios"],"fullName":"fixture scenarios 68세 남성, warfarin 복용, vitamin K 관련 상호작용","status":"passed","title":"68세 남성, warfarin 복용, vitamin K 관련 상호작용","duration":19.16059999999993,"failureMessages":[],"meta":{},"tags":[]},{"ancestorTitles":["fixture scenarios"],"fullName":"fixture scenarios 61세 여성, thiazide 복용, vitamin D/calcium 관련 주의","status":"passed","title":"61세 여성, thiazide 복용, vitamin D/calcium 관련 주의","duration":22.407600000000002,"failureMessages":[],"meta":{},"tags":[]},{"ancestorTitles":["fixture scenarios"],"fullName":"fixture scenarios 47세 남성, quinolone 항생제 복용, magnesium/calcium/iron 간격 주의","status":"passed","title":"47세 남성, quinolone 항생제 복용, magnesium/calcium/iron 간격 주의","duration":20.531799999999976,"failureMessages":[],"meta":{},"tags":[]},{"ancestorTitles":["fixture scenarios"],"fullName":"fixture scenarios 정보 부족 케이스: 나이와 성별 미입력","status":"passed","title":"정보 부족 케이스: 나이와 성별 미입력","duration":15.855599999999868,"failureMessages":[],"meta":{},"tags":[]}],"startTime":1783846324047,"endTime":1783846324206.8557,"status":"passed","message":"","name":"C:/Users/hjyeo/Documents/Codex/2026-07-10/g-24-1-gpt-5-6/work/nutrition-safety-engine/__tests__/fixture-scenarios.test.ts"},{"assertionResults":[{"ancestorTitles":["buildKnowledgeIndex"],"fullName":"buildKnowledgeIndex uses knowledge_pack.json as the single source of truth when it exists","status":"passed","title":"uses knowledge_pack.json as the single source of truth when it exists","duration":24.623399999999947,"failureMessages":[],"meta":{},"tags":[]},{"ancestorTitles":["buildKnowledgeIndex"],"fullName":"buildKnowledgeIndex throws when knowledge_pack.json exists but is malformed instead of silently falling back","status":"passed","title":"throws when knowledge_pack.json exists but is malformed instead of silently falling back","duration":11.27130000000011,"failureMessages":[],"meta":{},"tags":[]}],"startTime":1783846323914,"endTime":1783846323950.2712,"status":"passed","message":"","name":"C:/Users/hjyeo/Documents/Codex/2026-07-10/g-24-1-gpt-5-6/work/nutrition-safety-engine/__tests__/knowledge-normalize.test.ts"},{"assertionResults":[{"ancestorTitles":["legacy mode boundary"],"fullName":"legacy mode boundary serves a known baseline rule only from the explicit legacy endpoint","status":"passed","title":"serves a known baseline rule only from the explicit legacy endpoint","duration":26.827400000000125,"failureMessages":[],"meta":{},"tags":[]}],"startTime":1783846324209,"endTime":1783846324235.8274,"status":"passed","message":"","name":"C:/Users/hjyeo/Documents/Codex/2026-07-10/g-24-1-gpt-5-6/work/nutrition-safety-engine/__tests__/legacy-mode-boundary.test.ts"},{"assertionResults":[{"ancestorTitles":["personalized safety API"],"fullName":"personalized safety API returns a Korean evidence-linked fallback for 비타민 K","status":"passed","title":"returns a Korean evidence-linked fallback for 비타민 K","duration":6.209299999999985,"failureMessages":[],"meta":{},"tags":[]},{"ancestorTitles":["personalized safety API"],"fullName":"personalized safety API returns a Korean evidence-linked fallback for 오메가-3","status":"passed","title":"returns a Korean evidence-linked fallback for 오메가-3","duration":0.8894999999999982,"failureMessages":[],"meta":{},"tags":[]},{"ancestorTitles":["personalized safety API"],"fullName":"personalized safety API returns a Korean evidence-linked fallback for 칼슘","status":"passed","title":"returns a Korean evidence-linked fallback for 칼슘","duration":0.8149000000000797,"failureMessages":[],"meta":{},"tags":[]},{"ancestorTitles":["personalized safety API"],"fullName":"personalized safety API returns a Korean evidence-linked fallback for 비타민 D","status":"passed","title":"returns a Korean evidence-linked fallback for 비타민 D","duration":0.7313999999998941,"failureMessages":[],"meta":{},"tags":[]},{"ancestorTitles":["personalized safety API"],"fullName":"personalized safety API returns a Korean evidence-linked fallback for 비타민 C","status":"passed","title":"returns a Korean evidence-linked fallback for 비타민 C","duration":0.8519000000001142,"failureMessages":[],"meta":{},"tags":[]},{"ancestorTitles":["personalized safety API"],"fullName":"personalized safety API rejects unsupported ingredients","status":"passed","title":"rejects unsupported ingredients","duration":0.4076999999999771,"failureMessages":[],"meta":{},"tags":[]},{"ancestorTitles":["personalized safety API"],"fullName":"personalized safety API rejects malformed JSON","status":"passed","title":"rejects malformed JSON","duration":0.6121000000000549,"failureMessages":[],"meta":{},"tags":[]},{"ancestorTitles":["personalized safety API"],"fullName":"personalized safety API rejects oversized health text","status":"passed","title":"rejects oversized health text","duration":0.45659999999998035,"failureMessages":[],"meta":{},"tags":[]},{"ancestorTitles":["personalized safety API"],"fullName":"personalized safety API rejects non-string field","status":"passed","title":"rejects non-string field","duration":0.45899999999983265,"failureMessages":[],"meta":{},"tags":[]},{"ancestorTitles":["personalized safety API"],"fullName":"personalized safety API falls back when AI returns invented numeric threshold","status":"passed","title":"falls back when AI returns invented numeric threshold","duration":1.591799999999921,"failureMessages":[],"meta":{},"tags":[]},{"ancestorTitles":["personalized safety API"],"fullName":"personalized safety API falls back when AI returns direct medication instruction","status":"passed","title":"falls back when AI returns direct medication instruction","duration":0.6780999999998585,"failureMessages":[],"meta":{},"tags":[]},{"ancestorTitles":["personalized safety API"],"fullName":"personalized safety API sets an upstream timeout and falls back when the model call fails","status":"passed","title":"sets an upstream timeout and falls back when the model call fails","duration":2.187199999999848,"failureMessages":[],"meta":{},"tags":[]},{"ancestorTitles":["personalized safety API"],"fullName":"personalized safety API rejects missing input number and returns a concise fallback","status":"passed","title":"rejects missing input number and returns a concise fallback","duration":0.636199999999917,"failureMessages":[],"meta":{},"tags":[]},{"ancestorTitles":["personalized safety API"],"fullName":"personalized safety API rejects overlong paragraph and returns a concise fallback","status":"passed","title":"rejects overlong paragraph and returns a concise fallback","duration":0.4862000000000535,"failureMessages":[],"meta":{},"tags":[]}],"startTime":1783846323942,"endTime":1783846323959.486,"status":"passed","message":"","name":"C:/Users/hjyeo/Documents/Codex/2026-07-10/g-24-1-gpt-5-6/work/nutrition-safety-engine/__tests__/personalized-safety-api.test.ts"},{"assertionResults":[{"ancestorTitles":["independent gold scoring"],"fullName":"independent gold scoring scores exact action sets","status":"passed","title":"scores exact action sets","duration":1.7182000000000244,"failureMessages":[],"meta":{},"tags":[]},{"ancestorTitles":["independent gold scoring"],"fullName":"independent gold scoring keeps false negatives and false positives in separate denominators","status":"passed","title":"keeps false negatives and false positives in separate denominators","duration":0.34960000000000946,"failureMessages":[],"meta":{},"tags":[]},{"ancestorTitles":["independent gold scoring"],"fullName":"independent gold scoring does not invent a rate for two empty action sets","status":"passed","title":"does not invent a rate for two empty action sets","duration":0.18430000000012114,"failureMessages":[],"meta":{},"tags":[]}],"startTime":1783846323620,"endTime":1783846323622.1843,"status":"passed","message":"","name":"C:/Users/hjyeo/Documents/Codex/2026-07-10/g-24-1-gpt-5-6/work/nutrition-safety-engine/__tests__/phase07-gold-scoring.test.ts"},{"assertionResults":[{"ancestorTitles":["query input parsing"],"fullName":"query input parsing extracts vitamin D IU dose from a free text ingredient entry","status":"passed","title":"extracts vitamin D IU dose from a free text ingredient entry","duration":1.768400000000156,"failureMessages":[],"meta":{},"tags":[]},{"ancestorTitles":["query input parsing"],"fullName":"query input parsing converts gram input to mg/day for fish oil style doses","status":"passed","title":"converts gram input to mg/day for fish oil style doses","duration":0.2545999999999822,"failureMessages":[],"meta":{},"tags":[]},{"ancestorTitles":["query input parsing"],"fullName":"query input parsing parses long term use phrases into days","status":"passed","title":"parses long term use phrases into days","duration":0.32580000000007203,"failureMessages":[],"meta":{},"tags":[]},{"ancestorTitles":["query input parsing"],"fullName":"query input parsing normalizes manual unit and numeric input","status":"passed","title":"normalizes manual unit and numeric input","duration":0.19299999999998363,"failureMessages":[],"meta":{},"tags":[]},{"ancestorTitles":["query input parsing"],"fullName":"query input parsing removes dose and duration terms before ingredient lookup","status":"passed","title":"removes dose and duration terms before ingredient lookup","duration":0.35629999999991924,"failureMessages":[],"meta":{},"tags":[]}],"startTime":1783846323597,"endTime":1783846323600.3562,"status":"passed","message":"","name":"C:/Users/hjyeo/Documents/Codex/2026-07-10/g-24-1-gpt-5-6/work/nutrition-safety-engine/__tests__/query-input.test.ts"},{"assertionResults":[{"ancestorTitles":["thesis research-question scope"],"fullName":"thesis research-question scope keeps the five homepage questions aligned with protocol v1.0","status":"passed","title":"keeps the five homepage questions aligned with protocol v1.0","duration":1.4529999999999745,"failureMessages":[],"meta":{},"tags":[]}],"startTime":1783846324167,"endTime":1783846324168.453,"status":"passed","message":"","name":"C:/Users/hjyeo/Documents/Codex/2026-07-10/g-24-1-gpt-5-6/work/nutrition-safety-engine/__tests__/research-question-scope.test.ts"},{"assertionResults":[{"ancestorTitles":["runSafetyEngine"],"fullName":"runSafetyEngine matches the major sample interaction and dose rules from the actual normalized data","status":"passed","title":"matches the major sample interaction and dose rules from the actual normalized data","duration":48.19239999999991,"failureMessages":[],"meta":{},"tags":[]},{"ancestorTitles":["runSafetyEngine"],"fullName":"runSafetyEngine returns the systematic search pool beside rule results","status":"passed","title":"returns the systematic search pool beside rule results","duration":25.324800000000096,"failureMessages":[],"meta":{},"tags":[]},{"ancestorTitles":["runSafetyEngine"],"fullName":"runSafetyEngine marks form-specific iodine interaction rules as needs_more_info when the form is missing","status":"passed","title":"marks form-specific iodine interaction rules as needs_more_info when the form is missing","duration":21.567199999999957,"failureMessages":[],"meta":{},"tags":[]},{"ancestorTitles":["runSafetyEngine"],"fullName":"runSafetyEngine returns quality-signal rules as possibly relevant when no personal trigger is required","status":"passed","title":"returns quality-signal rules as possibly relevant when no personal trigger is required","duration":17.56380000000013,"failureMessages":[],"meta":{},"tags":[]},{"ancestorTitles":["runSafetyEngine"],"fullName":"runSafetyEngine matches ingredients and medications even when spacing and casing vary","status":"passed","title":"matches ingredients and medications even when spacing and casing vary","duration":19.94640000000004,"failureMessages":[],"meta":{},"tags":[]},{"ancestorTitles":["runSafetyEngine"],"fullName":"runSafetyEngine matches common Korean medication aliases to the same medication entity","status":"passed","title":"matches common Korean medication aliases to the same medication entity","duration":16.777900000000045,"failureMessages":[],"meta":{},"tags":[]},{"ancestorTitles":["runSafetyEngine"],"fullName":"runSafetyEngine matches common Korean condition aliases to the same condition entity","status":"passed","title":"matches common Korean condition aliases to the same condition entity","duration":16.372100000000046,"failureMessages":[],"meta":{},"tags":[]},{"ancestorTitles":["runSafetyEngine"],"fullName":"runSafetyEngine matches ingredient abbreviations such as vit k to the same ingredient entity","status":"passed","title":"matches ingredient abbreviations such as vit k to the same ingredient entity","duration":15.660600000000159,"failureMessages":[],"meta":{},"tags":[]}],"startTime":1783846324048,"endTime":1783846324229.6606,"status":"passed","message":"","name":"C:/Users/hjyeo/Documents/Codex/2026-07-10/g-24-1-gpt-5-6/work/nutrition-safety-engine/__tests__/safety-engine.test.ts"},{"assertionResults":[{"ancestorTitles":["thesis bundle isolation"],"fullName":"thesis bundle isolation builds only from curated data and excludes every legacy record by default","status":"passed","title":"builds only from curated data and excludes every legacy record by default","duration":2.6275000000000546,"failureMessages":[],"meta":{},"tags":[]}],"startTime":1783846323562,"endTime":1783846323564.6274,"status":"passed","message":"","name":"C:/Users/hjyeo/Documents/Codex/2026-07-10/g-24-1-gpt-5-6/work/nutrition-safety-engine/__tests__/thesis-bundle-isolation.test.ts"},{"assertionResults":[{"ancestorTitles":["safe-empty thesis scenario proxy"],"fullName":"safe-empty thesis scenario proxy keeps 120 synthetic scenarios deterministic and free of legacy results","status":"passed","title":"keeps 120 synthetic scenarios deterministic and free of legacy results","duration":32.450199999999995,"failureMessages":[],"meta":{},"tags":[]}],"startTime":1783846323884,"endTime":1783846323916.4502,"status":"passed","message":"","name":"C:/Users/hjyeo/Documents/Codex/2026-07-10/g-24-1-gpt-5-6/work/nutrition-safety-engine/__tests__/thesis-empty-scenario-proxy.test.ts"},{"assertionResults":[{"ancestorTitles":["deterministic validated-rule matcher contract"],"fullName":"deterministic validated-rule matcher contract matches exact normalized terms, orders actions, and resolves claims","status":"passed","title":"matches exact normalized terms, orders actions, and resolves claims","duration":5.316700000000083,"failureMessages":[],"meta":{},"tags":[]},{"ancestorTitles":["deterministic validated-rule matcher contract"],"fullName":"deterministic validated-rule matcher contract is byte-deterministic and rejects partial-string false positives","status":"passed","title":"is byte-deterministic and rejects partial-string false positives","duration":0.7392999999999574,"failureMessages":[],"meta":{},"tags":[]},{"ancestorTitles":["deterministic validated-rule matcher contract"],"fullName":"deterministic validated-rule matcher contract rejects unknown rule-condition fields","status":"passed","title":"rejects unknown rule-condition fields","duration":0.9900000000000091,"failureMessages":[],"meta":{},"tags":[]}],"startTime":1783846323888,"endTime":1783846323894.99,"status":"passed","message":"","name":"C:/Users/hjyeo/Documents/Codex/2026-07-10/g-24-1-gpt-5-6/work/nutrition-safety-engine/__tests__/thesis-matcher-contract.test.ts"},{"assertionResults":[{"ancestorTitles":["thesis mode boundary"],"fullName":"thesis mode boundary returns one deterministic, empty validated-scope response","status":"passed","title":"returns one deterministic, empty validated-scope response","duration":5.785099999999829,"failureMessages":[],"meta":{},"tags":[]},{"ancestorTitles":["thesis mode boundary"],"fullName":"thesis mode boundary keeps the default page free of legacy imports and research counts","status":"passed","title":"keeps the default page free of legacy imports and research counts","duration":0.9148000000000138,"failureMessages":[],"meta":{},"tags":[]},{"ancestorTitles":["thesis mode boundary"],"fullName":"thesis mode boundary has no runtime AI route or client fetch","status":"passed","title":"has no runtime AI route or client fetch","duration":1.1419000000000779,"failureMessages":[],"meta":{},"tags":[]}],"startTime":1783846323884,"endTime":1783846323892.1418,"status":"passed","message":"","name":"C:/Users/hjyeo/Documents/Codex/2026-07-10/g-24-1-gpt-5-6/work/nutrition-safety-engine/__tests__/thesis-mode-boundary.test.ts"},{"assertionResults":[{"ancestorTitles":["validated thesis provenance contract"],"fullName":"validated thesis provenance contract accepts a fully linked validated fixture","status":"passed","title":"accepts a fully linked validated fixture","duration":2.3017999999999574,"failureMessages":[],"meta":{},"tags":[]},{"ancestorTitles":["validated thesis provenance contract"],"fullName":"validated thesis provenance contract rejects legacy source","status":"passed","title":"rejects legacy source","duration":0.3027999999999338,"failureMessages":[],"meta":{},"tags":[]},{"ancestorTitles":["validated thesis provenance contract"],"fullName":"validated thesis provenance contract rejects wrong quote hash","status":"passed","title":"rejects wrong quote hash","duration":0.2097999999998592,"failureMessages":[],"meta":{},"tags":[]},{"ancestorTitles":["validated thesis provenance contract"],"fullName":"validated thesis provenance contract rejects missing extraction","status":"passed","title":"rejects missing extraction","duration":0.189200000000028,"failureMessages":[],"meta":{},"tags":[]},{"ancestorTitles":["validated thesis provenance contract"],"fullName":"validated thesis provenance contract rejects missing certainty","status":"passed","title":"rejects missing certainty","duration":0.17460000000005493,"failureMessages":[],"meta":{},"tags":[]},{"ancestorTitles":["validated thesis provenance contract"],"fullName":"validated thesis provenance contract rejects extraction locator mismatch","status":"passed","title":"rejects extraction locator mismatch","duration":0.2052000000001044,"failureMessages":[],"meta":{},"tags":[]},{"ancestorTitles":["validated thesis provenance contract"],"fullName":"validated thesis provenance contract rejects question mismatch","status":"passed","title":"rejects question mismatch","duration":0.1876999999999498,"failureMessages":[],"meta":{},"tags":[]},{"ancestorTitles":["validated thesis provenance contract"],"fullName":"validated thesis provenance contract rejects missing expert review","status":"passed","title":"rejects missing expert review","duration":0.21659999999997126,"failureMessages":[],"meta":{},"tags":[]},{"ancestorTitles":["validated thesis provenance contract"],"fullName":"validated thesis provenance contract reproduces source bytes and rejects a stale declared hash","status":"passed","title":"reproduces source bytes and rejects a stale declared hash","duration":6.650000000000091,"failureMessages":[],"meta":{},"tags":[]}],"startTime":1783846323583,"endTime":1783846323593.65,"status":"passed","message":"","name":"C:/Users/hjyeo/Documents/Codex/2026-07-10/g-24-1-gpt-5-6/work/nutrition-safety-engine/__tests__/thesis-provenance-contract.test.ts"},{"assertionResults":[{"ancestorTitles":["Ye thesis scenario evidence checks"],"fullName":"Ye thesis scenario evidence checks matches warfarin and vitamin K consistency rule","status":"passed","title":"matches warfarin and vitamin K consistency rule","duration":38.480600000000095,"failureMessages":[],"meta":{},"tags":[]},{"ancestorTitles":["Ye thesis scenario evidence checks"],"fullName":"Ye thesis scenario evidence checks matches anticoagulant and high dose omega-3 rules","status":"passed","title":"matches anticoagulant and high dose omega-3 rules","duration":25.649000000000115,"failureMessages":[],"meta":{},"tags":[]},{"ancestorTitles":["Ye thesis scenario evidence checks"],"fullName":"Ye thesis scenario evidence checks matches kidney stone calcium risk rules","status":"passed","title":"matches kidney stone calcium risk rules","duration":19.073499999999967,"failureMessages":[],"meta":{},"tags":[]},{"ancestorTitles":["Ye thesis scenario evidence checks"],"fullName":"Ye thesis scenario evidence checks matches kidney stone and high dose vitamin D rules","status":"passed","title":"matches kidney stone and high dose vitamin D rules","duration":21.39390000000003,"failureMessages":[],"meta":{},"tags":[]},{"ancestorTitles":["Ye thesis scenario evidence checks"],"fullName":"Ye thesis scenario evidence checks matches hyperoxaluria and high dose vitamin C rules","status":"passed","title":"matches hyperoxaluria and high dose vitamin C rules","duration":22.89370000000008,"failureMessages":[],"meta":{},"tags":[]},{"ancestorTitles":["Ye thesis scenario evidence checks"],"fullName":"Ye thesis scenario evidence checks does not match the male-only vitamin C kidney stone rule for female users","status":"passed","title":"does not match the male-only vitamin C kidney stone rule for female users","duration":19.2025000000001,"failureMessages":[],"meta":{},"tags":[]}],"startTime":1783846324046,"endTime":1783846324193.2024,"status":"passed","message":"","name":"C:/Users/hjyeo/Documents/Codex/2026-07-10/g-24-1-gpt-5-6/work/nutrition-safety-engine/__tests__/thesis-scenarios.test.ts"}]}